<?xml version="1.0" encoding="UTF-8"?>
<!-- Generated by org.testng.reporters.JUnitReportReporter -->
<testsuite skipped="0" hostname="chenjuan" name="com.music.testng.DataDrivenInvoke" tests="60" failures="0" timestamp="25 六月 2019 02:02:25 GMT" time="0.229" errors="0">
  <testcase name="f" time="0.002" classname="com.music.testng.DataDrivenInvoke"/>
  <testcase name="f" time="0.001" classname="com.music.testng.DataDrivenInvoke"/>
  <testcase name="f" time="0.001" classname="com.music.testng.DataDrivenInvoke"/>
  <testcase name="f" time="0.002" classname="com.music.testng.DataDrivenInvoke"/>
  <testcase name="f" time="0.003" classname="com.music.testng.DataDrivenInvoke"/>
  <testcase name="f" time="0.001" classname="com.music.testng.DataDrivenInvoke"/>
  <testcase name="f" time="0.018" classname="com.music.testng.DataDrivenInvoke"/>
  <testcase name="f" time="0.001" classname="com.music.testng.DataDrivenInvoke"/>
  <testcase name="f" time="0.001" classname="com.music.testng.DataDrivenInvoke"/>
  <testcase name="f" time="0.002" classname="com.music.testng.DataDrivenInvoke"/>
  <testcase name="f" time="0.008" classname="com.music.testng.DataDrivenInvoke"/>
  <testcase name="f" time="0.002" classname="com.music.testng.DataDrivenInvoke"/>
  <testcase name="f" time="0.001" classname="com.music.testng.DataDrivenInvoke"/>
  <testcase name="f" time="0.001" classname="com.music.testng.DataDrivenInvoke"/>
  <testcase name="f" time="0.001" classname="com.music.testng.DataDrivenInvoke"/>
  <testcase name="f" time="0.001" classname="com.music.testng.DataDrivenInvoke"/>
  <testcase name="f" time="0.000" classname="com.music.testng.DataDrivenInvoke"/>
  <testcase name="f" time="0.007" classname="com.music.testng.DataDrivenInvoke"/>
  <testcase name="f" time="0.002" classname="com.music.testng.DataDrivenInvoke"/>
  <testcase name="f" time="0.001" classname="com.music.testng.DataDrivenInvoke"/>
  <testcase name="f" time="0.011" classname="com.music.testng.DataDrivenInvoke"/>
  <testcase name="f" time="0.002" classname="com.music.testng.DataDrivenInvoke"/>
  <testcase name="f" time="0.001" classname="com.music.testng.DataDrivenInvoke"/>
  <testcase name="f" time="0.003" classname="com.music.testng.DataDrivenInvoke"/>
  <testcase name="f" time="0.052" classname="com.music.testng.DataDrivenInvoke"/>
  <testcase name="f" time="0.023" classname="com.music.testng.DataDrivenInvoke"/>
  <testcase name="f" time="0.002" classname="com.music.testng.DataDrivenInvoke"/>
  <testcase name="f" time="0.001" classname="com.music.testng.DataDrivenInvoke"/>
  <testcase name="f" time="0.001" classname="com.music.testng.DataDrivenInvoke"/>
  <testcase name="f" time="0.003" classname="com.music.testng.DataDrivenInvoke"/>
  <testcase name="f" time="0.001" classname="com.music.testng.DataDrivenInvoke"/>
  <testcase name="f" time="0.002" classname="com.music.testng.DataDrivenInvoke"/>
  <testcase name="f" time="0.000" classname="com.music.testng.DataDrivenInvoke"/>
  <testcase name="f" time="0.005" classname="com.music.testng.DataDrivenInvoke"/>
  <testcase name="f" time="0.001" classname="com.music.testng.DataDrivenInvoke"/>
  <testcase name="f" time="0.001" classname="com.music.testng.DataDrivenInvoke"/>
  <testcase name="f" time="0.000" classname="com.music.testng.DataDrivenInvoke"/>
  <testcase name="f" time="0.001" classname="com.music.testng.DataDrivenInvoke"/>
  <testcase name="f" time="0.003" classname="com.music.testng.DataDrivenInvoke"/>
  <testcase name="f" time="0.001" classname="com.music.testng.DataDrivenInvoke"/>
  <testcase name="f" time="0.002" classname="com.music.testng.DataDrivenInvoke"/>
  <testcase name="f" time="0.002" classname="com.music.testng.DataDrivenInvoke"/>
  <testcase name="f" time="0.001" classname="com.music.testng.DataDrivenInvoke"/>
  <testcase name="f" time="0.001" classname="com.music.testng.DataDrivenInvoke"/>
  <testcase name="f" time="0.001" classname="com.music.testng.DataDrivenInvoke"/>
  <testcase name="f" time="0.001" classname="com.music.testng.DataDrivenInvoke"/>
  <testcase name="f" time="0.012" classname="com.music.testng.DataDrivenInvoke"/>
  <testcase name="f" time="0.018" classname="com.music.testng.DataDrivenInvoke"/>
  <testcase name="f" time="0.002" classname="com.music.testng.DataDrivenInvoke"/>
  <testcase name="f" time="0.001" classname="com.music.testng.DataDrivenInvoke"/>
  <testcase name="f" time="0.001" classname="com.music.testng.DataDrivenInvoke"/>
  <testcase name="f" time="0.001" classname="com.music.testng.DataDrivenInvoke"/>
  <testcase name="f" time="0.002" classname="com.music.testng.DataDrivenInvoke"/>
  <testcase name="f" time="0.000" classname="com.music.testng.DataDrivenInvoke"/>
  <testcase name="f" time="0.001" classname="com.music.testng.DataDrivenInvoke"/>
  <testcase name="f" time="0.001" classname="com.music.testng.DataDrivenInvoke"/>
  <testcase name="f" time="0.004" classname="com.music.testng.DataDrivenInvoke"/>
  <testcase name="f" time="0.001" classname="com.music.testng.DataDrivenInvoke"/>
  <testcase name="f" time="0.001" classname="com.music.testng.DataDrivenInvoke"/>
  <testcase name="f" time="0.006" classname="com.music.testng.DataDrivenInvoke"/>
</testsuite> <!-- com.music.testng.DataDrivenInvoke -->
