<?xml version="1.0" encoding="UTF-8"?>
<!-- Generated by org.testng.reporters.JUnitReportReporter -->
<testsuite skipped="0" hostname="chenjuan" name="com.music.testng.DataDriven" tests="60" failures="0" timestamp="20 六月 2019 08:10:06 GMT" time="0.214" errors="0">
  <testcase name="f" time="0.003" classname="com.music.testng.DataDriven"/>
  <testcase name="f" time="0.001" classname="com.music.testng.DataDriven"/>
  <testcase name="f" time="0.001" classname="com.music.testng.DataDriven"/>
  <testcase name="f" time="0.002" classname="com.music.testng.DataDriven"/>
  <testcase name="f" time="0.018" classname="com.music.testng.DataDriven"/>
  <testcase name="f" time="0.001" classname="com.music.testng.DataDriven"/>
  <testcase name="f" time="0.005" classname="com.music.testng.DataDriven"/>
  <testcase name="f" time="0.000" classname="com.music.testng.DataDriven"/>
  <testcase name="f" time="0.044" classname="com.music.testng.DataDriven"/>
  <testcase name="f" time="0.001" classname="com.music.testng.DataDriven"/>
  <testcase name="f" time="0.008" classname="com.music.testng.DataDriven"/>
  <testcase name="f" time="0.001" classname="com.music.testng.DataDriven"/>
  <testcase name="f" time="0.002" classname="com.music.testng.DataDriven"/>
  <testcase name="f" time="0.001" classname="com.music.testng.DataDriven"/>
  <testcase name="f" time="0.003" classname="com.music.testng.DataDriven"/>
  <testcase name="f" time="0.002" classname="com.music.testng.DataDriven"/>
  <testcase name="f" time="0.011" classname="com.music.testng.DataDriven"/>
  <testcase name="f" time="0.002" classname="com.music.testng.DataDriven"/>
  <testcase name="f" time="0.001" classname="com.music.testng.DataDriven"/>
  <testcase name="f" time="0.003" classname="com.music.testng.DataDriven"/>
  <testcase name="f" time="0.001" classname="com.music.testng.DataDriven"/>
  <testcase name="f" time="0.002" classname="com.music.testng.DataDriven"/>
  <testcase name="f" time="0.002" classname="com.music.testng.DataDriven"/>
  <testcase name="f" time="0.001" classname="com.music.testng.DataDriven"/>
  <testcase name="f" time="0.001" classname="com.music.testng.DataDriven"/>
  <testcase name="f" time="0.002" classname="com.music.testng.DataDriven"/>
  <testcase name="f" time="0.002" classname="com.music.testng.DataDriven"/>
  <testcase name="f" time="0.022" classname="com.music.testng.DataDriven"/>
  <testcase name="f" time="0.001" classname="com.music.testng.DataDriven"/>
  <testcase name="f" time="0.015" classname="com.music.testng.DataDriven"/>
  <testcase name="f" time="0.002" classname="com.music.testng.DataDriven"/>
  <testcase name="f" time="0.002" classname="com.music.testng.DataDriven"/>
  <testcase name="f" time="0.003" classname="com.music.testng.DataDriven"/>
  <testcase name="f" time="0.001" classname="com.music.testng.DataDriven"/>
  <testcase name="f" time="0.004" classname="com.music.testng.DataDriven"/>
  <testcase name="f" time="0.001" classname="com.music.testng.DataDriven"/>
  <testcase name="f" time="0.002" classname="com.music.testng.DataDriven"/>
  <testcase name="f" time="0.001" classname="com.music.testng.DataDriven"/>
  <testcase name="f" time="0.001" classname="com.music.testng.DataDriven"/>
  <testcase name="f" time="0.002" classname="com.music.testng.DataDriven"/>
  <testcase name="f" time="0.002" classname="com.music.testng.DataDriven"/>
  <testcase name="f" time="0.002" classname="com.music.testng.DataDriven"/>
  <testcase name="f" time="0.002" classname="com.music.testng.DataDriven"/>
  <testcase name="f" time="0.002" classname="com.music.testng.DataDriven"/>
  <testcase name="f" time="0.004" classname="com.music.testng.DataDriven"/>
  <testcase name="f" time="0.001" classname="com.music.testng.DataDriven"/>
  <testcase name="f" time="0.001" classname="com.music.testng.DataDriven"/>
  <testcase name="f" time="0.001" classname="com.music.testng.DataDriven"/>
  <testcase name="f" time="0.002" classname="com.music.testng.DataDriven"/>
  <testcase name="f" time="0.002" classname="com.music.testng.DataDriven"/>
  <testcase name="f" time="0.001" classname="com.music.testng.DataDriven"/>
  <testcase name="f" time="0.001" classname="com.music.testng.DataDriven"/>
  <testcase name="f" time="0.004" classname="com.music.testng.DataDriven"/>
  <testcase name="f" time="0.001" classname="com.music.testng.DataDriven"/>
  <testcase name="f" time="0.002" classname="com.music.testng.DataDriven"/>
  <testcase name="f" time="0.001" classname="com.music.testng.DataDriven"/>
  <testcase name="f" time="0.001" classname="com.music.testng.DataDriven"/>
  <testcase name="f" time="0.002" classname="com.music.testng.DataDriven"/>
  <testcase name="f" time="0.003" classname="com.music.testng.DataDriven"/>
  <testcase name="f" time="0.001" classname="com.music.testng.DataDriven"/>
</testsuite> <!-- com.music.testng.DataDriven -->
